[2020-09-30T16:50:04.146] [DEBUG] cheese - login => username:zs,password:123
[2020-09-30T16:50:04.153] [DEBUG] cheese - zs
[2020-09-30T16:50:04.315] [DEBUG] cheese - null
[2020-09-30T16:50:04.315] [DEBUG] cheese - null
[2020-09-30T16:50:33.405] [DEBUG] cheese - login => username:admin,password:123456
[2020-09-30T16:50:33.405] [DEBUG] cheese - admin
[2020-09-30T16:50:33.453] [DEBUG] cheese - null
[2020-09-30T16:50:33.453] [DEBUG] cheese - null
[2020-10-05T15:18:07.960] [DEBUG] cheese - login => username:admin,password:12345
[2020-10-05T15:18:07.964] [DEBUG] cheese - admin
[2020-10-05T15:18:08.315] [DEBUG] cheese - null
[2020-10-05T15:18:08.315] [DEBUG] cheese - null
[2020-10-05T15:18:15.334] [DEBUG] cheese - login => username:admin,password:123456
[2020-10-05T15:18:15.334] [DEBUG] cheese - admin
[2020-10-05T15:18:15.339] [DEBUG] cheese - null
[2020-10-05T15:18:15.339] [DEBUG] cheese - null
[2020-10-05T15:18:28.417] [DEBUG] cheese - login => username:admin,password:123456
[2020-10-05T15:18:28.417] [DEBUG] cheese - admin
[2020-10-05T15:18:28.423] [DEBUG] cheese - null
[2020-10-05T15:18:28.423] [DEBUG] cheese - null
